<?xml version="1.0" encoding="UTF-8"?>
<!-- Generated by org.testng.reporters.JUnitReportReporter -->
<testsuite hostname="LIN51014064" failures="0" tests="1" name="com.flightbooking.HomePage" time="20.180" errors="0" timestamp="2024-04-01T13:03:42 IST" skipped="0">
  <testcase classname="com.flightbooking.HomePage" name="searchFilght" time="20.180"/>
  <system-out/>
</testsuite> <!-- com.flightbooking.HomePage -->
