<?xml version="1.0" encoding="UTF-8"?>
<!-- Generated by org.testng.reporters.JUnitReportReporter -->
<testsuite hostname="LIN51014064" failures="0" tests="1" name="com.booking.flightBooking" time="24.051" errors="0" timestamp="2024-04-23T11:11:19 IST" skipped="0">
  <testcase classname="com.booking.flightBooking" name="searchFilght" time="24.051"/>
  <system-out/>
</testsuite> <!-- com.booking.flightBooking -->
