<?xml version="1.0" encoding="UTF-8"?>
<!-- Generated by org.testng.reporters.JUnitReportReporter -->
<testsuite hostname="LIN51014064" failures="0" tests="1" name="com.booking.hotelBooking" time="7.487" errors="0" timestamp="2024-04-23T11:43:53 IST" skipped="0">
  <testcase classname="com.booking.hotelBooking" name="HotelBooking" time="7.487"/>
  <system-out/>
</testsuite> <!-- com.booking.hotelBooking -->
