<?xml version="1.0" encoding="UTF-8"?>
<!-- Generated by org.testng.reporters.JUnitReportReporter -->
<testsuite hostname="LIN51014064" failures="0" tests="1" name="com.booking.tests.holidayPackageTests" time="18.644" errors="0" timestamp="2024-05-29T16:12:26 IST" skipped="0">
  <testcase classname="com.booking.tests.holidayPackageTests" name="holidayPackageTesting" time="18.644"/>
  <system-out/>
</testsuite> <!-- com.booking.tests.holidayPackageTests -->
