<?xml version="1.0" encoding="UTF-8"?>
<!-- Generated by org.testng.reporters.JUnitReportReporter -->
<testsuite hostname="LIN51014064" failures="0" tests="1" name="com.booking.tests.HotelBookingTests" time="51.229" errors="0" timestamp="2024-05-06T12:12:43 IST" skipped="0">
  <testcase classname="com.booking.tests.HotelBookingTests" name="hotelbooking" time="51.229"/>
  <system-out/>
</testsuite> <!-- com.booking.tests.HotelBookingTests -->
