<?xml version="1.0" encoding="UTF-8"?>
<!-- Generated by org.testng.reporters.JUnitReportReporter -->
<testsuite hostname="LIN51014064" failures="0" tests="1" name="com.booking.tests.HotelBookingTests" time="52.997" errors="0" timestamp="2024-05-29T13:58:16 IST" skipped="0">
  <testcase classname="com.booking.tests.HotelBookingTests" name="hotelbooking" time="52.997"/>
  <system-out/>
</testsuite> <!-- com.booking.tests.HotelBookingTests -->
