<?xml version="1.0" encoding="UTF-8"?>
<!-- Generated by org.testng.reporters.JUnitReportReporter -->
<testsuite hostname="LIN51014064" failures="0" tests="1" name="com.flightbooking.HomePage" time="15.983" errors="0" timestamp="2024-04-22T13:21:39 IST" skipped="0">
  <testcase classname="com.flightbooking.HomePage" name="searchFilght" time="15.983"/>
  <system-out/>
</testsuite> <!-- com.flightbooking.HomePage -->
