<?xml version="1.0" encoding="UTF-8"?>
<!-- Generated by org.testng.reporters.JUnitReportReporter -->
<testsuite hostname="LIN51014064" failures="0" tests="1" name="com.flightbooking.HomePage" time="17.816" errors="0" timestamp="2024-04-03T11:53:47 IST" skipped="0">
  <testcase classname="com.flightbooking.HomePage" name="searchFilght" time="17.816"/>
  <system-out/>
</testsuite> <!-- com.flightbooking.HomePage -->
